{"D:\\Web Development\\Company Projects\\MERN STACK\\Practice\\Reactjs\\namaste-react\\src\\pages\\Contact\\Contact.jsx": {"path":"D:\\Web Development\\Company Projects\\MERN STACK\\Practice\\Reactjs\\namaste-react\\src\\pages\\Contact\\Contact.jsx","statementMap":{"0":{"start":{"line":3,"column":16},"end":{"line":24,"column":1}},"1":{"start":{"line":4,"column":2},"end":{"line":23,"column":4}}},"fnMap":{"0":{"name":"(anonymous_0)","decl":{"start":{"line":3,"column":16},"end":{"line":3,"column":17}},"loc":{"start":{"line":3,"column":22},"end":{"line":24,"column":1}},"line":3}},"branchMap":{},"s":{"0":1,"1":4},"f":{"0":4},"b":{},"_coverageSchema":"1a1c01bbd47fc00a2c39e90264f33305004495a9","hash":"15309072510220a3a3bdf477e45b89c75c2b550f"}
,"D:\\Web Development\\Company Projects\\MERN STACK\\Practice\\Reactjs\\namaste-react\\src\\utils\\Sum.js": {"path":"D:\\Web Development\\Company Projects\\MERN STACK\\Practice\\Reactjs\\namaste-react\\src\\utils\\Sum.js","statementMap":{"0":{"start":{"line":1,"column":19},"end":{"line":3,"column":1}},"1":{"start":{"line":2,"column":2},"end":{"line":2,"column":15}}},"fnMap":{"0":{"name":"(anonymous_0)","decl":{"start":{"line":1,"column":19},"end":{"line":1,"column":20}},"loc":{"start":{"line":1,"column":29},"end":{"line":3,"column":1}},"line":1}},"branchMap":{},"s":{"0":1,"1":1},"f":{"0":1},"b":{},"_coverageSchema":"1a1c01bbd47fc00a2c39e90264f33305004495a9","hash":"7291a8385b8033344d5064739421aa3390a4edad"}
}
